<?xml version="1.0" encoding="UTF-8"?>
<testng-results skipped="0" failed="0" ignored="0" total="1" passed="1">
  <reporter-output>
  </reporter-output>
  <suite name="Default suite" duration-ms="11273" started-at="2019-05-26T05:07:49Z" finished-at="2019-05-26T05:08:00Z">
    <groups>
    </groups>
    <test name="Default test" duration-ms="11273" started-at="2019-05-26T05:07:49Z" finished-at="2019-05-26T05:08:00Z">
      <class name="com.Authentication.premitive">
        <test-method status="PASS" signature="preauth()[pri:0, instance:com.Authentication.premitive@20e2cbe0]" name="preauth" duration-ms="11095" started-at="2019-05-26T05:07:49Z" finished-at="2019-05-26T05:08:00Z">
          <reporter-output>
          </reporter-output>
        </test-method> <!-- preauth -->
      </class> <!-- com.Authentication.premitive -->
    </test> <!-- Default test -->
  </suite> <!-- Default suite -->
</testng-results>
